\BOOKMARK [1][-]{section.1}{\376\377\004\020\004\075\004\060\004\073\004\070\004\102\004\070\004\107\004\065\004\101\004\072\004\060\004\117\000\040\004\107\004\060\004\101\004\102\004\114}{}% 1
\BOOKMARK [2][-]{subsection.1.1}{\376\377\004\036\004\077\004\070\004\101\004\060\004\075\004\070\004\065\000\040\004\067\004\060\004\064\004\060\004\107\004\070}{section.1}% 2
\BOOKMARK [3][-]{subsubsection.1.1.1}{\376\377\004\041\004\076\004\100\004\102\004\070\004\100\004\076\004\062\004\072\004\060\000\040\004\077\004\103\004\067\004\113\004\100\004\114\004\072\004\076\004\074}{subsection.1.1}% 3
\BOOKMARK [3][-]{subsubsection.1.1.2}{\376\377\004\050\004\065\004\071\004\072\004\065\004\100\000-\004\101\004\076\004\100\004\102\004\070\004\100\004\076\004\062\004\072\004\060}{subsection.1.1}% 4
\BOOKMARK [3][-]{subsubsection.1.1.3}{\376\377\004\041\004\076\004\100\004\102\004\070\004\100\004\076\004\062\004\072\004\060\000\040\004\050\004\065\004\073\004\073\004\060}{subsection.1.1}% 5
\BOOKMARK [1][-]{section.2}{\376\377\004\032\004\076\004\075\004\101\004\102\004\100\004\103\004\072\004\102\004\076\004\100\004\101\004\072\004\060\004\117\000\040\004\107\004\060\004\101\004\102\004\114}{}% 6
\BOOKMARK [2][-]{subsection.2.1}{\376\377\004\041\004\105\004\065\004\074\004\113\000\040\004\060\004\073\004\063\004\076\004\100\004\070\004\102\004\074\004\076\004\062}{section.2}% 7
\BOOKMARK [1][-]{section.3}{\376\377\004\042\004\065\004\105\004\075\004\076\004\073\004\076\004\063\004\070\004\107\004\065\004\101\004\072\004\060\004\117\000\040\004\107\004\060\004\101\004\102\004\114}{}% 8
\BOOKMARK [2][-]{subsection.3.1}{\376\377\004\042\004\100\004\065\004\061\004\076\004\062\004\060\004\075\004\070\004\117\000\040\004\072\000\040\004\077\004\100\004\076\004\063\004\100\004\060\004\074\004\074\004\075\004\076\004\074\004\103\000\040\004\076\004\061\004\065\004\101\004\077\004\065\004\107\004\065\004\075\004\070\004\116}{section.3}% 9
\BOOKMARK [2][-]{subsection.3.2}{\376\377\004\041\004\100\004\065\004\064\004\101\004\102\004\062\004\060\000\040\004\100\004\065\004\060\004\073\004\070\004\067\004\060\004\106\004\070\004\070}{section.3}% 10
\BOOKMARK [2][-]{subsection.3.3}{\376\377\004\034\004\065\004\102\004\076\004\064\004\113\000\040\004\067\004\060\004\074\004\065\004\100\004\060\000\040\004\062\004\100\004\065\004\074\004\065\004\075\004\070\000\040\004\062\000\040\004\077\004\100\004\076\004\063\004\100\004\060\004\074\004\074\004\065}{section.3}% 11
\BOOKMARK [3][-]{subsubsection.3.3.1}{\376\377\004\022\004\100\004\065\004\074\004\117}{subsection.3.3}% 12
\BOOKMARK [3][-]{subsubsection.3.3.2}{\376\377\004\043\004\073\004\103\004\107\004\110\004\065\004\075\004\070\004\065\000\040\004\102\004\076\004\107\004\075\004\076\004\101\004\102\004\070\000\040\004\067\004\060\004\074\004\065\004\100\004\076\004\062\000\040\004\062\004\100\004\065\004\074\004\065\004\075\004\070}{subsection.3.3}% 13
\BOOKMARK [2][-]{subsection.3.4}{\376\377\004\033\004\070\004\101\004\102\004\070\004\075\004\063\000\040\004\072\004\076\004\064\004\060}{section.3}% 14
\BOOKMARK [1][-]{section.4}{\376\377\004\055\004\072\004\101\004\077\004\065\004\100\004\070\004\074\004\065\004\075\004\102\004\060\004\073\004\114\004\075\004\060\004\117\000\040\004\107\004\060\004\101\004\102\004\114}{}% 15
\BOOKMARK [2][-]{subsection.4.1}{\376\377\004\037\004\100\004\070\004\074\004\065\004\100\004\113\000\040\004\100\004\060\004\061\004\076\004\102}{section.4}% 16
\BOOKMARK [2][-]{subsection.4.2}{\376\377\004\027\004\060\004\074\004\065\004\100\004\113\000\040\004\062\004\100\004\065\004\074\004\065\004\075\004\070}{section.4}% 17
\BOOKMARK [2][-]{subsection.4.3}{\376\377\004\022\004\113\004\062\004\076\004\064\004\113}{section.4}% 18
\BOOKMARK [2][-]{subsection.4.4}{\376\377\004\023\004\100\004\060\004\104\004\070\004\072\004\070}{section.4}% 19
\BOOKMARK [1][-]{section.5}{\376\377\004\027\004\060\004\072\004\073\004\116\004\107\004\065\004\075\004\070\004\065}{}% 20
