\BOOKMARK [1][-]{section.1}{\376\377\004\020\004\075\004\060\004\073\004\070\004\102\004\070\004\107\004\065\004\101\004\072\004\060\004\117\000\040\004\107\004\060\004\101\004\102\004\114}{}% 1
\BOOKMARK [2][-]{subsection.1.1}{\376\377\004\037\004\076\004\101\004\102\004\060\004\075\004\076\004\062\004\072\004\060\000\040\004\067\004\060\004\064\004\060\004\107\004\070}{section.1}% 2
\BOOKMARK [2][-]{subsection.1.2}{\376\377\004\036\004\077\004\070\004\101\004\060\004\075\004\070\004\065\000\040\004\060\004\073\004\063\004\076\004\100\004\070\004\102\004\074\004\060}{section.1}% 3
\BOOKMARK [3][-]{subsubsection.1.2.1}{\376\377\004\037\004\076\004\101\004\073\004\065\004\064\004\076\004\062\004\060\004\102\004\065\004\073\004\114\004\075\004\113\004\071\000\040\004\060\004\073\004\063\004\076\004\100\004\070\004\102\004\074\000\040\004\103\004\074\004\075\004\076\004\066\004\065\004\075\004\070\004\117\000\040\004\074\004\060\004\102\004\100\004\070\004\106}{subsection.1.2}% 4
\BOOKMARK [3][-]{subsubsection.1.2.2}{\376\377\004\020\004\073\004\063\004\076\004\100\004\070\004\102\004\074\000\040\004\022\004\070\004\075\004\076\004\063\004\100\004\060\004\064\004\060\000\040\004\103\004\074\004\075\004\076\004\066\004\065\004\075\004\070\004\117\000\040\004\074\004\060\004\102\004\100\004\070\004\106}{subsection.1.2}% 5
\BOOKMARK [3][-]{subsubsection.1.2.3}{\376\377\004\022\004\113\004\062\004\076\004\064}{subsection.1.2}% 6
\BOOKMARK [2][-]{subsection.1.3}{\376\377\004\022\004\113\004\107\004\070\004\101\004\073\004\065\004\075\004\070\004\065\000\040\004\101\004\073\004\076\004\066\004\075\004\076\004\101\004\102\004\070\000\040\004\060\004\073\004\063\004\076\004\100\004\070\004\102\004\074\004\060}{section.1}% 7
\BOOKMARK [1][-]{section.2}{\376\377\004\032\004\076\004\075\004\101\004\102\004\100\004\103\004\072\004\102\004\076\004\100\004\101\004\072\004\060\004\117\000\040\004\107\004\060\004\101\004\102\004\114\000.}{}% 8
\BOOKMARK [2][-]{subsection.2.1}{\376\377\004\041\004\105\004\065\004\074\004\113\000\040\004\060\004\073\004\063\004\076\004\100\004\070\004\102\004\074\004\076\004\062\000.}{section.2}% 9
\BOOKMARK [1][-]{section.3}{\376\377\004\042\004\065\004\105\004\075\004\076\004\073\004\076\004\063\004\070\004\107\004\065\004\101\004\072\004\060\004\117\000\040\004\107\004\060\004\101\004\102\004\114}{}% 10
\BOOKMARK [2][-]{subsection.3.1}{\376\377\004\022\004\113\004\061\004\076\004\100\000\040\004\117\004\067\004\113\004\072\004\060\000\040\004\077\004\100\004\076\004\063\004\100\004\060\004\074\004\074\004\070\004\100\004\076\004\062\004\060\004\075\004\070\004\117}{section.3}% 11
\BOOKMARK [2][-]{subsection.3.2}{\376\377\004\034\004\065\004\102\004\076\004\064\004\113\000\040\004\067\004\060\004\074\004\065\004\100\004\060\000\040\004\062\004\100\004\065\004\074\004\065\004\075\004\070\000\040\004\062\000\040\004\077\004\100\004\076\004\063\004\100\004\060\004\074\004\074\004\065}{section.3}% 12
\BOOKMARK [3][-]{subsubsection.3.2.1}{\376\377\004\022\004\100\004\065\004\074\004\117}{subsection.3.2}% 13
\BOOKMARK [3][-]{subsubsection.3.2.2}{\376\377\004\043\004\073\004\103\004\107\004\110\004\065\004\075\004\070\004\065\000\040\004\102\004\076\004\107\004\075\004\076\004\101\004\102\004\070\000\040\004\067\004\060\004\074\004\065\004\100\004\076\004\062\000\040\004\062\004\100\004\065\004\074\004\065\004\075\004\070}{subsection.3.2}% 14
\BOOKMARK [1][-]{section.4}{\376\377\004\055\004\072\004\101\004\077\004\065\004\100\004\070\004\074\004\065\004\075\004\102\004\060\004\073\004\114\004\075\004\060\004\117\000\040\004\107\004\060\004\101\004\102\004\114}{}% 15
\BOOKMARK [2][-]{subsection.4.1}{\376\377\004\033\004\070\004\101\004\102\004\070\004\075\004\063\000\040\004\072\004\076\004\064\004\060}{section.4}% 16
\BOOKMARK [2][-]{subsection.4.2}{\376\377\004\037\004\100\004\070\004\074\004\065\004\100\004\113\000\040\004\100\004\060\004\061\004\076\004\102\004\113}{section.4}% 17
\BOOKMARK [2][-]{subsection.4.3}{\376\377\004\036\004\106\004\065\004\075\004\072\004\060\000\040\004\102\004\100\004\103\004\064\004\076\004\121\004\074\004\072\004\076\004\101\004\102\004\070}{section.4}% 18
\BOOKMARK [2][-]{subsection.4.4}{\376\377\004\041\004\100\004\060\004\062\004\075\004\065\004\075\004\070\004\065\000\040\004\062\004\100\004\065\004\074\004\065\004\075\004\070\000\040\004\100\004\060\004\061\004\076\004\102\004\113}{section.4}% 19
\BOOKMARK [2][-]{subsection.4.5}{\376\377\004\022\004\113\004\062\004\076\004\064}{section.4}% 20
